<?xml version="1.0" encoding="UTF-8"?>
<testsuite xmlns:xsi="http://www.w3.org/2001/XMLSchema-instance" xsi:noNamespaceSchemaLocation="https://maven.apache.org/surefire/maven-surefire-plugin/xsd/surefire-test-report-3.0.xsd" version="3.0" name="TestSuite" time="4.48" tests="1" errors="0" skipped="0" failures="0">
  <properties>
    <property name="java.specification.version" value="18"/>
    <property name="sun.cpu.isalist" value="amd64"/>
    <property name="sun.jnu.encoding" value="Cp1252"/>
    <property name="java.class.path" value="C:\Users\RavitejaRuthala\IdeaProjects\autoPLATO\target\test-classes;C:\Users\RavitejaRuthala\IdeaProjects\autoPLATO\target\classes;C:\Users\RavitejaRuthala\.m2\repository\io\virtualan\idaithalam\1.7.0\idaithalam-1.7.0.jar;C:\Users\RavitejaRuthala\.m2\repository\io\virtualan\cucumblan-api\1.5.1\cucumblan-api-1.5.1.jar;C:\Users\RavitejaRuthala\.m2\repository\io\swagger\parser\v3\swagger-parser\2.0.32\swagger-parser-2.0.32.jar;C:\Users\RavitejaRuthala\.m2\repository\io\swagger\parser\v3\swagger-parser-v2-converter\2.0.32\swagger-parser-v2-converter-2.0.32.jar;C:\Users\RavitejaRuthala\.m2\repository\io\swagger\swagger-core\1.6.6\swagger-core-1.6.6.jar;C:\Users\RavitejaRuthala\.m2\repository\io\swagger\swagger-models\1.6.6\swagger-models-1.6.6.jar;C:\Users\RavitejaRuthala\.m2\repository\io\swagger\swagger-annotations\1.6.6\swagger-annotations-1.6.6.jar;C:\Users\RavitejaRuthala\.m2\repository\javax\validation\validation-api\1.1.0.Final\validation-api-1.1.0.Final.jar;C:\Users\RavitejaRuthala\.m2\repository\io\swagger\swagger-parser\1.0.59\swagger-parser-1.0.59.jar;C:\Users\RavitejaRuthala\.m2\repository\io\swagger\swagger-compat-spec-parser\1.0.59\swagger-compat-spec-parser-1.0.59.jar;C:\Users\RavitejaRuthala\.m2\repository\com\github\java-json-tools\json-patch\1.13\json-patch-1.13.jar;C:\Users\RavitejaRuthala\.m2\repository\com\google\guava\guava\30.1.1-jre\guava-30.1.1-jre.jar;C:\Users\RavitejaRuthala\.m2\repository\com\google\guava\failureaccess\1.0.1\failureaccess-1.0.1.jar;C:\Users\RavitejaRuthala\.m2\repository\com\google\guava\listenablefuture\9999.0-empty-to-avoid-conflict-with-guava\listenablefuture-9999.0-empty-to-avoid-conflict-with-guava.jar;C:\Users\RavitejaRuthala\.m2\repository\com\google\code\findbugs\jsr305\3.0.2\jsr305-3.0.2.jar;C:\Users\RavitejaRuthala\.m2\repository\org\checkerframework\checker-qual\3.8.0\checker-qual-3.8.0.jar;C:\Users\RavitejaRuthala\.m2\repository\com\google\errorprone\error_prone_annotations\2.5.1\error_prone_annotations-2.5.1.jar;C:\Users\RavitejaRuthala\.m2\repository\com\google\j2objc\j2objc-annotations\1.3\j2objc-annotations-1.3.jar;C:\Users\RavitejaRuthala\.m2\repository\io\swagger\parser\v3\swagger-parser-v3\2.0.32\swagger-parser-v3-2.0.32.jar;C:\Users\RavitejaRuthala\.m2\repository\io\swagger\core\v3\swagger-models\2.2.0\swagger-models-2.2.0.jar;C:\Users\RavitejaRuthala\.m2\repository\io\swagger\core\v3\swagger-core\2.2.0\swagger-core-2.2.0.jar;C:\Users\RavitejaRuthala\.m2\repository\io\swagger\parser\v3\swagger-parser-core\2.0.32\swagger-parser-core-2.0.32.jar;C:\Users\RavitejaRuthala\.m2\repository\com\fasterxml\jackson\dataformat\jackson-dataformat-yaml\2.13.2\jackson-dataformat-yaml-2.13.2.jar;C:\Users\RavitejaRuthala\.m2\repository\org\yaml\snakeyaml\1.30\snakeyaml-1.30.jar;C:\Users\RavitejaRuthala\.m2\repository\io\rest-assured\json-schema-validator\4.5.1\json-schema-validator-4.5.1.jar;C:\Users\RavitejaRuthala\.m2\repository\org\hamcrest\hamcrest\2.1\hamcrest-2.1.jar;C:\Users\RavitejaRuthala\.m2\repository\io\virtualan\cucumblan-utils\1.1.8\cucumblan-utils-1.1.8.jar;C:\Users\RavitejaRuthala\.m2\repository\io\virtualan\mapson\1.1.12\mapson-1.1.12.jar;C:\Users\RavitejaRuthala\.m2\repository\org\json\json\20210307\json-20210307.jar;C:\Users\RavitejaRuthala\.m2\repository\org\projectlombok\lombok\1.18.22\lombok-1.18.22.jar;C:\Users\RavitejaRuthala\.m2\repository\org\skyscreamer\jsonassert\1.5.0\jsonassert-1.5.0.jar;C:\Users\RavitejaRuthala\.m2\repository\io\rest-assured\rest-assured\4.4.0\rest-assured-4.4.0.jar;C:\Users\RavitejaRuthala\.m2\repository\org\codehaus\groovy\groovy\3.0.8\groovy-3.0.8.jar;C:\Users\RavitejaRuthala\.m2\repository\org\codehaus\groovy\groovy-xml\3.0.8\groovy-xml-3.0.8.jar;C:\Users\RavitejaRuthala\.m2\repository\org\apache\httpcomponents\httpclient\4.5.13\httpclient-4.5.13.jar;C:\Users\RavitejaRuthala\.m2\repository\org\apache\httpcomponents\httpcore\4.4.13\httpcore-4.4.13.jar;C:\Users\RavitejaRuthala\.m2\repository\commons-codec\commons-codec\1.11\commons-codec-1.11.jar;C:\Users\RavitejaRuthala\.m2\repository\org\apache\httpcomponents\httpmime\4.5.13\httpmime-4.5.13.jar;C:\Users\RavitejaRuthala\.m2\repository\org\ccil\cowan\tagsoup\tagsoup\1.2.1\tagsoup-1.2.1.jar;C:\Users\RavitejaRuthala\.m2\repository\io\rest-assured\json-path\4.4.0\json-path-4.4.0.jar;C:\Users\RavitejaRuthala\.m2\repository\org\codehaus\groovy\groovy-json\3.0.8\groovy-json-3.0.8.jar;C:\Users\RavitejaRuthala\.m2\repository\io\rest-assured\rest-assured-common\4.4.0\rest-assured-common-4.4.0.jar;C:\Users\RavitejaRuthala\.m2\repository\io\rest-assured\xml-path\4.4.0\xml-path-4.4.0.jar;C:\Users\RavitejaRuthala\.m2\repository\com\sun\xml\bind\jaxb-impl\2.3.3\jaxb-impl-2.3.3.jar;C:\Users\RavitejaRuthala\.m2\repository\io\cucumber\cucumber-java\7.0.0\cucumber-java-7.0.0.jar;C:\Users\RavitejaRuthala\.m2\repository\io\cucumber\cucumber-core\7.0.0\cucumber-core-7.0.0.jar;C:\Users\RavitejaRuthala\.m2\repository\io\cucumber\cucumber-gherkin\7.0.0\cucumber-gherkin-7.0.0.jar;C:\Users\RavitejaRuthala\.m2\repository\io\cucumber\cucumber-gherkin-messages\7.0.0\cucumber-gherkin-messages-7.0.0.jar;C:\Users\RavitejaRuthala\.m2\repository\io\cucumber\tag-expressions\4.0.2\tag-expressions-4.0.2.jar;C:\Users\RavitejaRuthala\.m2\repository\io\cucumber\cucumber-expressions\13.0.1\cucumber-expressions-13.0.1.jar;C:\Users\RavitejaRuthala\.m2\repository\io\cucumber\datatable\7.0.0\datatable-7.0.0.jar;C:\Users\RavitejaRuthala\.m2\repository\io\cucumber\cucumber-plugin\7.0.0\cucumber-plugin-7.0.0.jar;C:\Users\RavitejaRuthala\.m2\repository\io\cucumber\docstring\7.0.0\docstring-7.0.0.jar;C:\Users\RavitejaRuthala\.m2\repository\io\cucumber\html-formatter\17.0.0\html-formatter-17.0.0.jar;C:\Users\RavitejaRuthala\.m2\repository\io\cucumber\create-meta\6.0.1\create-meta-6.0.1.jar;C:\Users\RavitejaRuthala\.m2\repository\org\apiguardian\apiguardian-api\1.1.2\apiguardian-api-1.1.2.jar;C:\Users\RavitejaRuthala\.m2\repository\io\cucumber\cucumber-junit\7.0.0\cucumber-junit-7.0.0.jar;C:\Users\RavitejaRuthala\.m2\repository\junit\junit\4.13.2\junit-4.13.2.jar;C:\Users\RavitejaRuthala\.m2\repository\org\hamcrest\hamcrest-core\1.3\hamcrest-core-1.3.jar;C:\Users\RavitejaRuthala\.m2\repository\org\apache\poi\poi\5.1.0\poi-5.1.0.jar;C:\Users\RavitejaRuthala\.m2\repository\org\apache\commons\commons-collections4\4.4\commons-collections4-4.4.jar;C:\Users\RavitejaRuthala\.m2\repository\org\apache\commons\commons-math3\3.6.1\commons-math3-3.6.1.jar;C:\Users\RavitejaRuthala\.m2\repository\com\zaxxer\SparseBitSet\1.2\SparseBitSet-1.2.jar;C:\Users\RavitejaRuthala\.m2\repository\org\apache\poi\poi-ooxml\5.1.0\poi-ooxml-5.1.0.jar;C:\Users\RavitejaRuthala\.m2\repository\org\apache\poi\poi-ooxml-lite\5.1.0\poi-ooxml-lite-5.1.0.jar;C:\Users\RavitejaRuthala\.m2\repository\org\apache\xmlbeans\xmlbeans\5.0.2\xmlbeans-5.0.2.jar;C:\Users\RavitejaRuthala\.m2\repository\com\github\virtuald\curvesapi\1.06\curvesapi-1.06.jar;C:\Users\RavitejaRuthala\.m2\repository\org\apache\pdfbox\pdfbox\2.0.24\pdfbox-2.0.24.jar;C:\Users\RavitejaRuthala\.m2\repository\org\apache\pdfbox\fontbox\2.0.24\fontbox-2.0.24.jar;C:\Users\RavitejaRuthala\.m2\repository\org\apache\commons\commons-compress\1.21\commons-compress-1.21.jar;C:\Users\RavitejaRuthala\.m2\repository\org\apache\xmlgraphics\batik-svgbrowser\1.14\batik-svgbrowser-1.14.jar;C:\Users\RavitejaRuthala\.m2\repository\org\apache\xmlgraphics\batik-anim\1.14\batik-anim-1.14.jar;C:\Users\RavitejaRuthala\.m2\repository\org\apache\xmlgraphics\batik-awt-util\1.14\batik-awt-util-1.14.jar;C:\Users\RavitejaRuthala\.m2\repository\org\apache\xmlgraphics\batik-css\1.14\batik-css-1.14.jar;C:\Users\RavitejaRuthala\.m2\repository\org\apache\xmlgraphics\batik-ext\1.14\batik-ext-1.14.jar;C:\Users\RavitejaRuthala\.m2\repository\org\apache\xmlgraphics\batik-parser\1.14\batik-parser-1.14.jar;C:\Users\RavitejaRuthala\.m2\repository\org\apache\xmlgraphics\batik-svg-dom\1.14\batik-svg-dom-1.14.jar;C:\Users\RavitejaRuthala\.m2\repository\org\apache\xmlgraphics\batik-bridge\1.14\batik-bridge-1.14.jar;C:\Users\RavitejaRuthala\.m2\repository\org\apache\xmlgraphics\batik-script\1.14\batik-script-1.14.jar;C:\Users\RavitejaRuthala\.m2\repository\org\apache\xmlgraphics\xmlgraphics-commons\2.6\xmlgraphics-commons-2.6.jar;C:\Users\RavitejaRuthala\.m2\repository\org\apache\xmlgraphics\batik-dom\1.14\batik-dom-1.14.jar;C:\Users\RavitejaRuthala\.m2\repository\xalan\xalan\2.7.2\xalan-2.7.2.jar;C:\Users\RavitejaRuthala\.m2\repository\xalan\serializer\2.7.2\serializer-2.7.2.jar;C:\Users\RavitejaRuthala\.m2\repository\xml-apis\xml-apis\1.4.01\xml-apis-1.4.01.jar;C:\Users\RavitejaRuthala\.m2\repository\org\apache\xmlgraphics\batik-gvt\1.14\batik-gvt-1.14.jar;C:\Users\RavitejaRuthala\.m2\repository\org\apache\xmlgraphics\batik-shared-resources\1.14\batik-shared-resources-1.14.jar;C:\Users\RavitejaRuthala\.m2\repository\org\apache\xmlgraphics\batik-swing\1.14\batik-swing-1.14.jar;C:\Users\RavitejaRuthala\.m2\repository\org\apache\xmlgraphics\batik-gui-util\1.14\batik-gui-util-1.14.jar;C:\Users\RavitejaRuthala\.m2\repository\org\apache\xmlgraphics\batik-transcoder\1.14\batik-transcoder-1.14.jar;C:\Users\RavitejaRuthala\.m2\repository\org\apache\xmlgraphics\batik-svggen\1.14\batik-svggen-1.14.jar;C:\Users\RavitejaRuthala\.m2\repository\org\apache\xmlgraphics\batik-util\1.14\batik-util-1.14.jar;C:\Users\RavitejaRuthala\.m2\repository\org\apache\xmlgraphics\batik-constants\1.14\batik-constants-1.14.jar;C:\Users\RavitejaRuthala\.m2\repository\org\apache\xmlgraphics\batik-i18n\1.14\batik-i18n-1.14.jar;C:\Users\RavitejaRuthala\.m2\repository\org\apache\xmlgraphics\batik-xml\1.14\batik-xml-1.14.jar;C:\Users\RavitejaRuthala\.m2\repository\xml-apis\xml-apis-ext\1.3.04\xml-apis-ext-1.3.04.jar;C:\Users\RavitejaRuthala\.m2\repository\xmlunit\xmlunit\1.6\xmlunit-1.6.jar;C:\Users\RavitejaRuthala\.m2\repository\org\reflections\reflections\0.9.12\reflections-0.9.12.jar;C:\Users\RavitejaRuthala\.m2\repository\com\jayway\jsonpath\json-path\2.6.0\json-path-2.6.0.jar;C:\Users\RavitejaRuthala\.m2\repository\net\minidev\json-smart\2.4.7\json-smart-2.4.7.jar;C:\Users\RavitejaRuthala\.m2\repository\net\minidev\accessors-smart\2.4.7\accessors-smart-2.4.7.jar;C:\Users\RavitejaRuthala\.m2\repository\org\ow2\asm\asm\9.1\asm-9.1.jar;C:\Users\RavitejaRuthala\.m2\repository\io\virtualan\cucumblan-db\1.4.1\cucumblan-db-1.4.1.jar;C:\Users\RavitejaRuthala\.m2\repository\org\springframework\spring-jdbc\5.3.18\spring-jdbc-5.3.18.jar;C:\Users\RavitejaRuthala\.m2\repository\org\springframework\spring-beans\5.3.18\spring-beans-5.3.18.jar;C:\Users\RavitejaRuthala\.m2\repository\org\springframework\spring-core\5.3.18\spring-core-5.3.18.jar;C:\Users\RavitejaRuthala\.m2\repository\org\springframework\spring-jcl\5.3.18\spring-jcl-5.3.18.jar;C:\Users\RavitejaRuthala\.m2\repository\org\springframework\spring-tx\5.3.18\spring-tx-5.3.18.jar;C:\Users\RavitejaRuthala\.m2\repository\org\apache\commons\commons-dbcp2\2.9.0\commons-dbcp2-2.9.0.jar;C:\Users\RavitejaRuthala\.m2\repository\org\apache\commons\commons-pool2\2.10.0\commons-pool2-2.10.0.jar;C:\Users\RavitejaRuthala\.m2\repository\commons-logging\commons-logging\1.2\commons-logging-1.2.jar;C:\Users\RavitejaRuthala\.m2\repository\io\virtualan\cucumblan-message\1.4.1\cucumblan-message-1.4.1.jar;C:\Users\RavitejaRuthala\.m2\repository\org\apache\kafka\kafka-clients\2.7.0\kafka-clients-2.7.0.jar;C:\Users\RavitejaRuthala\.m2\repository\com\github\luben\zstd-jni\1.4.5-6\zstd-jni-1.4.5-6.jar;C:\Users\RavitejaRuthala\.m2\repository\org\lz4\lz4-java\1.7.1\lz4-java-1.7.1.jar;C:\Users\RavitejaRuthala\.m2\repository\org\xerial\snappy\snappy-java\1.1.7.7\snappy-java-1.1.7.7.jar;C:\Users\RavitejaRuthala\.m2\repository\org\springframework\spring-jms\5.3.9\spring-jms-5.3.9.jar;C:\Users\RavitejaRuthala\.m2\repository\org\springframework\spring-messaging\5.3.9\spring-messaging-5.3.9.jar;C:\Users\RavitejaRuthala\.m2\repository\javax\jms\javax.jms-api\2.0.1\javax.jms-api-2.0.1.jar;C:\Users\RavitejaRuthala\.m2\repository\org\apache\activemq\activemq-core\5.7.0\activemq-core-5.7.0.jar;C:\Users\RavitejaRuthala\.m2\repository\org\apache\geronimo\specs\geronimo-jms_1.1_spec\1.1.1\geronimo-jms_1.1_spec-1.1.1.jar;C:\Users\RavitejaRuthala\.m2\repository\org\apache\activemq\kahadb\5.7.0\kahadb-5.7.0.jar;C:\Users\RavitejaRuthala\.m2\repository\org\apache\activemq\protobuf\activemq-protobuf\1.1\activemq-protobuf-1.1.jar;C:\Users\RavitejaRuthala\.m2\repository\org\fusesource\mqtt-client\mqtt-client\1.3\mqtt-client-1.3.jar;C:\Users\RavitejaRuthala\.m2\repository\org\fusesource\hawtdispatch\hawtdispatch-transport\1.11\hawtdispatch-transport-1.11.jar;C:\Users\RavitejaRuthala\.m2\repository\org\fusesource\hawtdispatch\hawtdispatch\1.11\hawtdispatch-1.11.jar;C:\Users\RavitejaRuthala\.m2\repository\org\fusesource\hawtbuf\hawtbuf\1.9\hawtbuf-1.9.jar;C:\Users\RavitejaRuthala\.m2\repository\org\apache\geronimo\specs\geronimo-j2ee-management_1.1_spec\1.0.1\geronimo-j2ee-management_1.1_spec-1.0.1.jar;C:\Users\RavitejaRuthala\.m2\repository\org\springframework\spring-context\3.0.7.RELEASE\spring-context-3.0.7.RELEASE.jar;C:\Users\RavitejaRuthala\.m2\repository\org\springframework\spring-aop\3.0.7.RELEASE\spring-aop-3.0.7.RELEASE.jar;C:\Users\RavitejaRuthala\.m2\repository\aopalliance\aopalliance\1.0\aopalliance-1.0.jar;C:\Users\RavitejaRuthala\.m2\repository\org\springframework\spring-expression\3.0.7.RELEASE\spring-expression-3.0.7.RELEASE.jar;C:\Users\RavitejaRuthala\.m2\repository\org\springframework\spring-asm\3.0.7.RELEASE\spring-asm-3.0.7.RELEASE.jar;C:\Users\RavitejaRuthala\.m2\repository\commons-net\commons-net\3.1\commons-net-3.1.jar;C:\Users\RavitejaRuthala\.m2\repository\org\jasypt\jasypt\1.9.0\jasypt-1.9.0.jar;C:\Users\RavitejaRuthala\.m2\repository\com\google\protobuf\protobuf-java\3.19.4\protobuf-java-3.19.4.jar;C:\Users\RavitejaRuthala\.m2\repository\com\google\code\gson\gson\2.9.0\gson-2.9.0.jar;C:\Users\RavitejaRuthala\.m2\repository\com\google\protobuf\protobuf-java-util\3.19.4\protobuf-java-util-3.19.4.jar;C:\Users\RavitejaRuthala\.m2\repository\com\fasterxml\jackson\core\jackson-databind\2.13.2.2\jackson-databind-2.13.2.2.jar;C:\Users\RavitejaRuthala\.m2\repository\com\fasterxml\jackson\core\jackson-annotations\2.13.2\jackson-annotations-2.13.2.jar;C:\Users\RavitejaRuthala\.m2\repository\com\fasterxml\jackson\core\jackson-core\2.13.2\jackson-core-2.13.2.jar;C:\Users\RavitejaRuthala\.m2\repository\org\apache\commons\commons-lang3\3.12.0\commons-lang3-3.12.0.jar;C:\Users\RavitejaRuthala\.m2\repository\commons-io\commons-io\2.11.0\commons-io-2.11.0.jar;C:\Users\RavitejaRuthala\.m2\repository\net\masterthought\cucumber-reporting\5.7.0\cucumber-reporting-5.7.0.jar;C:\Users\RavitejaRuthala\.m2\repository\com\fasterxml\jackson\datatype\jackson-datatype-jsr310\2.13.0\jackson-datatype-jsr310-2.13.0.jar;C:\Users\RavitejaRuthala\.m2\repository\org\apache\velocity\velocity-engine-core\2.3\velocity-engine-core-2.3.jar;C:\Users\RavitejaRuthala\.m2\repository\commons-collections\commons-collections\3.2.2\commons-collections-3.2.2.jar;C:\Users\RavitejaRuthala\.m2\repository\joda-time\joda-time\2.10.10\joda-time-2.10.10.jar;C:\Users\RavitejaRuthala\.m2\repository\org\codehaus\plexus\plexus-utils\3.3.0\plexus-utils-3.3.0.jar;C:\Users\RavitejaRuthala\.m2\repository\org\jsoup\jsoup\1.14.2\jsoup-1.14.2.jar;C:\Users\RavitejaRuthala\.m2\repository\com\googlecode\owasp-java-html-sanitizer\owasp-java-html-sanitizer\20211018.2\owasp-java-html-sanitizer-20211018.2.jar;C:\Users\RavitejaRuthala\.m2\repository\commons-configuration\commons-configuration\1.10\commons-configuration-1.10.jar;C:\Users\RavitejaRuthala\.m2\repository\commons-lang\commons-lang\2.6\commons-lang-2.6.jar;C:\Users\RavitejaRuthala\.m2\repository\com\github\spullara\mustache\java\compiler\0.9.10\compiler-0.9.10.jar;C:\Users\RavitejaRuthala\.m2\repository\me\jvt\cucumber\gherkin-formatter\1.4.0\gherkin-formatter-1.4.0.jar;C:\Users\RavitejaRuthala\.m2\repository\io\cucumber\gherkin\22.0.0\gherkin-22.0.0.jar;C:\Users\RavitejaRuthala\.m2\repository\org\apache\commons\commons-text\1.9\commons-text-1.9.jar;C:\Users\RavitejaRuthala\.m2\repository\io\cucumber\messages\17.1.1\messages-17.1.1.jar;C:\Users\RavitejaRuthala\.m2\repository\org\slf4j\slf4j-simple\1.7.36\slf4j-simple-1.7.36.jar;C:\Users\RavitejaRuthala\.m2\repository\org\slf4j\slf4j-api\1.7.36\slf4j-api-1.7.36.jar;C:\Users\RavitejaRuthala\.m2\repository\org\apache\logging\log4j\log4j-core\2.17.2\log4j-core-2.17.2.jar;C:\Users\RavitejaRuthala\.m2\repository\org\apache\logging\log4j\log4j-api\2.17.2\log4j-api-2.17.2.jar;C:\Users\RavitejaRuthala\.m2\repository\io\swagger\swagger-inflector\2.0.7\swagger-inflector-2.0.7.jar;C:\Users\RavitejaRuthala\.m2\repository\io\swagger\core\v3\swagger-jaxrs2\2.1.11\swagger-jaxrs2-2.1.11.jar;C:\Users\RavitejaRuthala\.m2\repository\io\github\classgraph\classgraph\4.8.95\classgraph-4.8.95.jar;C:\Users\RavitejaRuthala\.m2\repository\org\javassist\javassist\3.25.0-GA\javassist-3.25.0-GA.jar;C:\Users\RavitejaRuthala\.m2\repository\io\swagger\core\v3\swagger-annotations\2.1.11\swagger-annotations-2.1.11.jar;C:\Users\RavitejaRuthala\.m2\repository\io\swagger\core\v3\swagger-integration\2.1.11\swagger-integration-2.1.11.jar;C:\Users\RavitejaRuthala\.m2\repository\org\glassfish\jersey\inject\jersey-hk2\2.32\jersey-hk2-2.32.jar;C:\Users\RavitejaRuthala\.m2\repository\org\glassfish\jersey\core\jersey-common\2.32\jersey-common-2.32.jar;C:\Users\RavitejaRuthala\.m2\repository\org\glassfish\hk2\osgi-resource-locator\1.0.3\osgi-resource-locator-1.0.3.jar;C:\Users\RavitejaRuthala\.m2\repository\com\sun\activation\jakarta.activation\1.2.2\jakarta.activation-1.2.2.jar;C:\Users\RavitejaRuthala\.m2\repository\org\glassfish\hk2\hk2-locator\2.6.1\hk2-locator-2.6.1.jar;C:\Users\RavitejaRuthala\.m2\repository\org\glassfish\hk2\external\aopalliance-repackaged\2.6.1\aopalliance-repackaged-2.6.1.jar;C:\Users\RavitejaRuthala\.m2\repository\org\glassfish\hk2\hk2-api\2.6.1\hk2-api-2.6.1.jar;C:\Users\RavitejaRuthala\.m2\repository\org\glassfish\hk2\hk2-utils\2.6.1\hk2-utils-2.6.1.jar;C:\Users\RavitejaRuthala\.m2\repository\org\glassfish\jersey\core\jersey-server\2.32\jersey-server-2.32.jar;C:\Users\RavitejaRuthala\.m2\repository\jakarta\ws\rs\jakarta.ws.rs-api\2.1.6\jakarta.ws.rs-api-2.1.6.jar;C:\Users\RavitejaRuthala\.m2\repository\org\glassfish\jersey\media\jersey-media-jaxb\2.32\jersey-media-jaxb-2.32.jar;C:\Users\RavitejaRuthala\.m2\repository\jakarta\annotation\jakarta.annotation-api\1.3.5\jakarta.annotation-api-1.3.5.jar;C:\Users\RavitejaRuthala\.m2\repository\org\glassfish\hk2\external\jakarta.inject\2.6.1\jakarta.inject-2.6.1.jar;C:\Users\RavitejaRuthala\.m2\repository\jakarta\validation\jakarta.validation-api\2.0.2\jakarta.validation-api-2.0.2.jar;C:\Users\RavitejaRuthala\.m2\repository\jakarta\xml\bind\jakarta.xml.bind-api\2.3.3\jakarta.xml.bind-api-2.3.3.jar;C:\Users\RavitejaRuthala\.m2\repository\jakarta\activation\jakarta.activation-api\1.2.2\jakarta.activation-api-1.2.2.jar;C:\Users\RavitejaRuthala\.m2\repository\org\glassfish\jersey\containers\jersey-container-servlet-core\2.32\jersey-container-servlet-core-2.32.jar;C:\Users\RavitejaRuthala\.m2\repository\org\glassfish\jersey\media\jersey-media-multipart\2.32\jersey-media-multipart-2.32.jar;C:\Users\RavitejaRuthala\.m2\repository\org\jvnet\mimepull\mimepull\1.9.13\mimepull-1.9.13.jar;C:\Users\RavitejaRuthala\.m2\repository\org\glassfish\jersey\core\jersey-client\2.32\jersey-client-2.32.jar;C:\Users\RavitejaRuthala\.m2\repository\org\slf4j\slf4j-ext\1.7.22\slf4j-ext-1.7.22.jar;C:\Users\RavitejaRuthala\.m2\repository\ch\qos\cal10n\cal10n-api\0.8.1\cal10n-api-0.8.1.jar;C:\Users\RavitejaRuthala\.m2\repository\org\apache\commons\commons-csv\1.1\commons-csv-1.1.jar;C:\Users\RavitejaRuthala\.m2\repository\com\fasterxml\jackson\jaxrs\jackson-jaxrs-json-provider\2.12.1\jackson-jaxrs-json-provider-2.12.1.jar;C:\Users\RavitejaRuthala\.m2\repository\com\fasterxml\jackson\jaxrs\jackson-jaxrs-base\2.12.1\jackson-jaxrs-base-2.12.1.jar;C:\Users\RavitejaRuthala\.m2\repository\com\fasterxml\jackson\module\jackson-module-jaxb-annotations\2.12.1\jackson-module-jaxb-annotations-2.12.1.jar;C:\Users\RavitejaRuthala\.m2\repository\com\fasterxml\jackson\jaxrs\jackson-jaxrs-yaml-provider\2.12.1\jackson-jaxrs-yaml-provider-2.12.1.jar;C:\Users\RavitejaRuthala\.m2\repository\com\fasterxml\jackson\datatype\jackson-datatype-joda\2.12.1\jackson-datatype-joda-2.12.1.jar;C:\Users\RavitejaRuthala\.m2\repository\com\fasterxml\jackson\jaxrs\jackson-jaxrs-xml-provider\2.12.1\jackson-jaxrs-xml-provider-2.12.1.jar;C:\Users\RavitejaRuthala\.m2\repository\com\fasterxml\jackson\dataformat\jackson-dataformat-xml\2.12.1\jackson-dataformat-xml-2.12.1.jar;C:\Users\RavitejaRuthala\.m2\repository\org\codehaus\woodstox\stax2-api\4.2\stax2-api-4.2.jar;C:\Users\RavitejaRuthala\.m2\repository\com\fasterxml\woodstox\woodstox-core\6.2.3\woodstox-core-6.2.3.jar;C:\Users\RavitejaRuthala\.m2\repository\com\github\java-json-tools\json-schema-validator\2.2.14\json-schema-validator-2.2.14.jar;C:\Users\RavitejaRuthala\.m2\repository\com\github\java-json-tools\jackson-coreutils-equivalence\1.0\jackson-coreutils-equivalence-1.0.jar;C:\Users\RavitejaRuthala\.m2\repository\com\github\java-json-tools\jackson-coreutils\2.0\jackson-coreutils-2.0.jar;C:\Users\RavitejaRuthala\.m2\repository\com\github\java-json-tools\msg-simple\1.2\msg-simple-1.2.jar;C:\Users\RavitejaRuthala\.m2\repository\com\github\java-json-tools\btf\1.3\btf-1.3.jar;C:\Users\RavitejaRuthala\.m2\repository\com\github\java-json-tools\json-schema-core\1.2.14\json-schema-core-1.2.14.jar;C:\Users\RavitejaRuthala\.m2\repository\com\github\java-json-tools\uri-template\0.10\uri-template-0.10.jar;C:\Users\RavitejaRuthala\.m2\repository\org\mozilla\rhino\1.7.7.2\rhino-1.7.7.2.jar;C:\Users\RavitejaRuthala\.m2\repository\com\sun\mail\mailapi\1.6.2\mailapi-1.6.2.jar;C:\Users\RavitejaRuthala\.m2\repository\com\googlecode\libphonenumber\libphonenumber\8.11.1\libphonenumber-8.11.1.jar;C:\Users\RavitejaRuthala\.m2\repository\net\sf\jopt-simple\jopt-simple\5.0.4\jopt-simple-5.0.4.jar;C:\Users\RavitejaRuthala\.m2\repository\commons-fileupload\commons-fileupload\1.4\commons-fileupload-1.4.jar;C:\Users\RavitejaRuthala\.m2\repository\org\testng\testng\7.4.0\testng-7.4.0.jar;C:\Users\RavitejaRuthala\.m2\repository\com\beust\jcommander\1.78\jcommander-1.78.jar;C:\Users\RavitejaRuthala\.m2\repository\org\webjars\jquery\3.5.1\jquery-3.5.1.jar;"/>
    <property name="java.vm.vendor" value="Oracle Corporation"/>
    <property name="sun.arch.data.model" value="64"/>
    <property name="user.variant" value=""/>
    <property name="java.vendor.url" value="https://java.oracle.com/"/>
    <property name="user.timezone" value="America/Toronto"/>
    <property name="os.name" value="Windows 11"/>
    <property name="java.vm.specification.version" value="18"/>
    <property name="sun.java.launcher" value="SUN_STANDARD"/>
    <property name="user.country" value="CA"/>
    <property name="sun.boot.library.path" value="C:\Users\RavitejaRuthala\.jdks\openjdk-18.0.2\bin"/>
    <property name="sun.java.command" value="C:\Users\RavitejaRuthala\AppData\Local\Temp\surefire8938127915591699253\surefirebooter13444698494309258751.jar C:\Users\RavitejaRuthala\AppData\Local\Temp\surefire8938127915591699253 2022-11-24T10-47-15_810-jvmRun1 surefire12403640815793902425tmp surefire_0669182802626753891tmp"/>
    <property name="jdk.debug" value="release"/>
    <property name="surefire.test.class.path" value="C:\Users\RavitejaRuthala\IdeaProjects\autoPLATO\target\test-classes;C:\Users\RavitejaRuthala\IdeaProjects\autoPLATO\target\classes;C:\Users\RavitejaRuthala\.m2\repository\io\virtualan\idaithalam\1.7.0\idaithalam-1.7.0.jar;C:\Users\RavitejaRuthala\.m2\repository\io\virtualan\cucumblan-api\1.5.1\cucumblan-api-1.5.1.jar;C:\Users\RavitejaRuthala\.m2\repository\io\swagger\parser\v3\swagger-parser\2.0.32\swagger-parser-2.0.32.jar;C:\Users\RavitejaRuthala\.m2\repository\io\swagger\parser\v3\swagger-parser-v2-converter\2.0.32\swagger-parser-v2-converter-2.0.32.jar;C:\Users\RavitejaRuthala\.m2\repository\io\swagger\swagger-core\1.6.6\swagger-core-1.6.6.jar;C:\Users\RavitejaRuthala\.m2\repository\io\swagger\swagger-models\1.6.6\swagger-models-1.6.6.jar;C:\Users\RavitejaRuthala\.m2\repository\io\swagger\swagger-annotations\1.6.6\swagger-annotations-1.6.6.jar;C:\Users\RavitejaRuthala\.m2\repository\javax\validation\validation-api\1.1.0.Final\validation-api-1.1.0.Final.jar;C:\Users\RavitejaRuthala\.m2\repository\io\swagger\swagger-parser\1.0.59\swagger-parser-1.0.59.jar;C:\Users\RavitejaRuthala\.m2\repository\io\swagger\swagger-compat-spec-parser\1.0.59\swagger-compat-spec-parser-1.0.59.jar;C:\Users\RavitejaRuthala\.m2\repository\com\github\java-json-tools\json-patch\1.13\json-patch-1.13.jar;C:\Users\RavitejaRuthala\.m2\repository\com\google\guava\guava\30.1.1-jre\guava-30.1.1-jre.jar;C:\Users\RavitejaRuthala\.m2\repository\com\google\guava\failureaccess\1.0.1\failureaccess-1.0.1.jar;C:\Users\RavitejaRuthala\.m2\repository\com\google\guava\listenablefuture\9999.0-empty-to-avoid-conflict-with-guava\listenablefuture-9999.0-empty-to-avoid-conflict-with-guava.jar;C:\Users\RavitejaRuthala\.m2\repository\com\google\code\findbugs\jsr305\3.0.2\jsr305-3.0.2.jar;C:\Users\RavitejaRuthala\.m2\repository\org\checkerframework\checker-qual\3.8.0\checker-qual-3.8.0.jar;C:\Users\RavitejaRuthala\.m2\repository\com\google\errorprone\error_prone_annotations\2.5.1\error_prone_annotations-2.5.1.jar;C:\Users\RavitejaRuthala\.m2\repository\com\google\j2objc\j2objc-annotations\1.3\j2objc-annotations-1.3.jar;C:\Users\RavitejaRuthala\.m2\repository\io\swagger\parser\v3\swagger-parser-v3\2.0.32\swagger-parser-v3-2.0.32.jar;C:\Users\RavitejaRuthala\.m2\repository\io\swagger\core\v3\swagger-models\2.2.0\swagger-models-2.2.0.jar;C:\Users\RavitejaRuthala\.m2\repository\io\swagger\core\v3\swagger-core\2.2.0\swagger-core-2.2.0.jar;C:\Users\RavitejaRuthala\.m2\repository\io\swagger\parser\v3\swagger-parser-core\2.0.32\swagger-parser-core-2.0.32.jar;C:\Users\RavitejaRuthala\.m2\repository\com\fasterxml\jackson\dataformat\jackson-dataformat-yaml\2.13.2\jackson-dataformat-yaml-2.13.2.jar;C:\Users\RavitejaRuthala\.m2\repository\org\yaml\snakeyaml\1.30\snakeyaml-1.30.jar;C:\Users\RavitejaRuthala\.m2\repository\io\rest-assured\json-schema-validator\4.5.1\json-schema-validator-4.5.1.jar;C:\Users\RavitejaRuthala\.m2\repository\org\hamcrest\hamcrest\2.1\hamcrest-2.1.jar;C:\Users\RavitejaRuthala\.m2\repository\io\virtualan\cucumblan-utils\1.1.8\cucumblan-utils-1.1.8.jar;C:\Users\RavitejaRuthala\.m2\repository\io\virtualan\mapson\1.1.12\mapson-1.1.12.jar;C:\Users\RavitejaRuthala\.m2\repository\org\json\json\20210307\json-20210307.jar;C:\Users\RavitejaRuthala\.m2\repository\org\projectlombok\lombok\1.18.22\lombok-1.18.22.jar;C:\Users\RavitejaRuthala\.m2\repository\org\skyscreamer\jsonassert\1.5.0\jsonassert-1.5.0.jar;C:\Users\RavitejaRuthala\.m2\repository\io\rest-assured\rest-assured\4.4.0\rest-assured-4.4.0.jar;C:\Users\RavitejaRuthala\.m2\repository\org\codehaus\groovy\groovy\3.0.8\groovy-3.0.8.jar;C:\Users\RavitejaRuthala\.m2\repository\org\codehaus\groovy\groovy-xml\3.0.8\groovy-xml-3.0.8.jar;C:\Users\RavitejaRuthala\.m2\repository\org\apache\httpcomponents\httpclient\4.5.13\httpclient-4.5.13.jar;C:\Users\RavitejaRuthala\.m2\repository\org\apache\httpcomponents\httpcore\4.4.13\httpcore-4.4.13.jar;C:\Users\RavitejaRuthala\.m2\repository\commons-codec\commons-codec\1.11\commons-codec-1.11.jar;C:\Users\RavitejaRuthala\.m2\repository\org\apache\httpcomponents\httpmime\4.5.13\httpmime-4.5.13.jar;C:\Users\RavitejaRuthala\.m2\repository\org\ccil\cowan\tagsoup\tagsoup\1.2.1\tagsoup-1.2.1.jar;C:\Users\RavitejaRuthala\.m2\repository\io\rest-assured\json-path\4.4.0\json-path-4.4.0.jar;C:\Users\RavitejaRuthala\.m2\repository\org\codehaus\groovy\groovy-json\3.0.8\groovy-json-3.0.8.jar;C:\Users\RavitejaRuthala\.m2\repository\io\rest-assured\rest-assured-common\4.4.0\rest-assured-common-4.4.0.jar;C:\Users\RavitejaRuthala\.m2\repository\io\rest-assured\xml-path\4.4.0\xml-path-4.4.0.jar;C:\Users\RavitejaRuthala\.m2\repository\com\sun\xml\bind\jaxb-impl\2.3.3\jaxb-impl-2.3.3.jar;C:\Users\RavitejaRuthala\.m2\repository\io\cucumber\cucumber-java\7.0.0\cucumber-java-7.0.0.jar;C:\Users\RavitejaRuthala\.m2\repository\io\cucumber\cucumber-core\7.0.0\cucumber-core-7.0.0.jar;C:\Users\RavitejaRuthala\.m2\repository\io\cucumber\cucumber-gherkin\7.0.0\cucumber-gherkin-7.0.0.jar;C:\Users\RavitejaRuthala\.m2\repository\io\cucumber\cucumber-gherkin-messages\7.0.0\cucumber-gherkin-messages-7.0.0.jar;C:\Users\RavitejaRuthala\.m2\repository\io\cucumber\tag-expressions\4.0.2\tag-expressions-4.0.2.jar;C:\Users\RavitejaRuthala\.m2\repository\io\cucumber\cucumber-expressions\13.0.1\cucumber-expressions-13.0.1.jar;C:\Users\RavitejaRuthala\.m2\repository\io\cucumber\datatable\7.0.0\datatable-7.0.0.jar;C:\Users\RavitejaRuthala\.m2\repository\io\cucumber\cucumber-plugin\7.0.0\cucumber-plugin-7.0.0.jar;C:\Users\RavitejaRuthala\.m2\repository\io\cucumber\docstring\7.0.0\docstring-7.0.0.jar;C:\Users\RavitejaRuthala\.m2\repository\io\cucumber\html-formatter\17.0.0\html-formatter-17.0.0.jar;C:\Users\RavitejaRuthala\.m2\repository\io\cucumber\create-meta\6.0.1\create-meta-6.0.1.jar;C:\Users\RavitejaRuthala\.m2\repository\org\apiguardian\apiguardian-api\1.1.2\apiguardian-api-1.1.2.jar;C:\Users\RavitejaRuthala\.m2\repository\io\cucumber\cucumber-junit\7.0.0\cucumber-junit-7.0.0.jar;C:\Users\RavitejaRuthala\.m2\repository\junit\junit\4.13.2\junit-4.13.2.jar;C:\Users\RavitejaRuthala\.m2\repository\org\hamcrest\hamcrest-core\1.3\hamcrest-core-1.3.jar;C:\Users\RavitejaRuthala\.m2\repository\org\apache\poi\poi\5.1.0\poi-5.1.0.jar;C:\Users\RavitejaRuthala\.m2\repository\org\apache\commons\commons-collections4\4.4\commons-collections4-4.4.jar;C:\Users\RavitejaRuthala\.m2\repository\org\apache\commons\commons-math3\3.6.1\commons-math3-3.6.1.jar;C:\Users\RavitejaRuthala\.m2\repository\com\zaxxer\SparseBitSet\1.2\SparseBitSet-1.2.jar;C:\Users\RavitejaRuthala\.m2\repository\org\apache\poi\poi-ooxml\5.1.0\poi-ooxml-5.1.0.jar;C:\Users\RavitejaRuthala\.m2\repository\org\apache\poi\poi-ooxml-lite\5.1.0\poi-ooxml-lite-5.1.0.jar;C:\Users\RavitejaRuthala\.m2\repository\org\apache\xmlbeans\xmlbeans\5.0.2\xmlbeans-5.0.2.jar;C:\Users\RavitejaRuthala\.m2\repository\com\github\virtuald\curvesapi\1.06\curvesapi-1.06.jar;C:\Users\RavitejaRuthala\.m2\repository\org\apache\pdfbox\pdfbox\2.0.24\pdfbox-2.0.24.jar;C:\Users\RavitejaRuthala\.m2\repository\org\apache\pdfbox\fontbox\2.0.24\fontbox-2.0.24.jar;C:\Users\RavitejaRuthala\.m2\repository\org\apache\commons\commons-compress\1.21\commons-compress-1.21.jar;C:\Users\RavitejaRuthala\.m2\repository\org\apache\xmlgraphics\batik-svgbrowser\1.14\batik-svgbrowser-1.14.jar;C:\Users\RavitejaRuthala\.m2\repository\org\apache\xmlgraphics\batik-anim\1.14\batik-anim-1.14.jar;C:\Users\RavitejaRuthala\.m2\repository\org\apache\xmlgraphics\batik-awt-util\1.14\batik-awt-util-1.14.jar;C:\Users\RavitejaRuthala\.m2\repository\org\apache\xmlgraphics\batik-css\1.14\batik-css-1.14.jar;C:\Users\RavitejaRuthala\.m2\repository\org\apache\xmlgraphics\batik-ext\1.14\batik-ext-1.14.jar;C:\Users\RavitejaRuthala\.m2\repository\org\apache\xmlgraphics\batik-parser\1.14\batik-parser-1.14.jar;C:\Users\RavitejaRuthala\.m2\repository\org\apache\xmlgraphics\batik-svg-dom\1.14\batik-svg-dom-1.14.jar;C:\Users\RavitejaRuthala\.m2\repository\org\apache\xmlgraphics\batik-bridge\1.14\batik-bridge-1.14.jar;C:\Users\RavitejaRuthala\.m2\repository\org\apache\xmlgraphics\batik-script\1.14\batik-script-1.14.jar;C:\Users\RavitejaRuthala\.m2\repository\org\apache\xmlgraphics\xmlgraphics-commons\2.6\xmlgraphics-commons-2.6.jar;C:\Users\RavitejaRuthala\.m2\repository\org\apache\xmlgraphics\batik-dom\1.14\batik-dom-1.14.jar;C:\Users\RavitejaRuthala\.m2\repository\xalan\xalan\2.7.2\xalan-2.7.2.jar;C:\Users\RavitejaRuthala\.m2\repository\xalan\serializer\2.7.2\serializer-2.7.2.jar;C:\Users\RavitejaRuthala\.m2\repository\xml-apis\xml-apis\1.4.01\xml-apis-1.4.01.jar;C:\Users\RavitejaRuthala\.m2\repository\org\apache\xmlgraphics\batik-gvt\1.14\batik-gvt-1.14.jar;C:\Users\RavitejaRuthala\.m2\repository\org\apache\xmlgraphics\batik-shared-resources\1.14\batik-shared-resources-1.14.jar;C:\Users\RavitejaRuthala\.m2\repository\org\apache\xmlgraphics\batik-swing\1.14\batik-swing-1.14.jar;C:\Users\RavitejaRuthala\.m2\repository\org\apache\xmlgraphics\batik-gui-util\1.14\batik-gui-util-1.14.jar;C:\Users\RavitejaRuthala\.m2\repository\org\apache\xmlgraphics\batik-transcoder\1.14\batik-transcoder-1.14.jar;C:\Users\RavitejaRuthala\.m2\repository\org\apache\xmlgraphics\batik-svggen\1.14\batik-svggen-1.14.jar;C:\Users\RavitejaRuthala\.m2\repository\org\apache\xmlgraphics\batik-util\1.14\batik-util-1.14.jar;C:\Users\RavitejaRuthala\.m2\repository\org\apache\xmlgraphics\batik-constants\1.14\batik-constants-1.14.jar;C:\Users\RavitejaRuthala\.m2\repository\org\apache\xmlgraphics\batik-i18n\1.14\batik-i18n-1.14.jar;C:\Users\RavitejaRuthala\.m2\repository\org\apache\xmlgraphics\batik-xml\1.14\batik-xml-1.14.jar;C:\Users\RavitejaRuthala\.m2\repository\xml-apis\xml-apis-ext\1.3.04\xml-apis-ext-1.3.04.jar;C:\Users\RavitejaRuthala\.m2\repository\xmlunit\xmlunit\1.6\xmlunit-1.6.jar;C:\Users\RavitejaRuthala\.m2\repository\org\reflections\reflections\0.9.12\reflections-0.9.12.jar;C:\Users\RavitejaRuthala\.m2\repository\com\jayway\jsonpath\json-path\2.6.0\json-path-2.6.0.jar;C:\Users\RavitejaRuthala\.m2\repository\net\minidev\json-smart\2.4.7\json-smart-2.4.7.jar;C:\Users\RavitejaRuthala\.m2\repository\net\minidev\accessors-smart\2.4.7\accessors-smart-2.4.7.jar;C:\Users\RavitejaRuthala\.m2\repository\org\ow2\asm\asm\9.1\asm-9.1.jar;C:\Users\RavitejaRuthala\.m2\repository\io\virtualan\cucumblan-db\1.4.1\cucumblan-db-1.4.1.jar;C:\Users\RavitejaRuthala\.m2\repository\org\springframework\spring-jdbc\5.3.18\spring-jdbc-5.3.18.jar;C:\Users\RavitejaRuthala\.m2\repository\org\springframework\spring-beans\5.3.18\spring-beans-5.3.18.jar;C:\Users\RavitejaRuthala\.m2\repository\org\springframework\spring-core\5.3.18\spring-core-5.3.18.jar;C:\Users\RavitejaRuthala\.m2\repository\org\springframework\spring-jcl\5.3.18\spring-jcl-5.3.18.jar;C:\Users\RavitejaRuthala\.m2\repository\org\springframework\spring-tx\5.3.18\spring-tx-5.3.18.jar;C:\Users\RavitejaRuthala\.m2\repository\org\apache\commons\commons-dbcp2\2.9.0\commons-dbcp2-2.9.0.jar;C:\Users\RavitejaRuthala\.m2\repository\org\apache\commons\commons-pool2\2.10.0\commons-pool2-2.10.0.jar;C:\Users\RavitejaRuthala\.m2\repository\commons-logging\commons-logging\1.2\commons-logging-1.2.jar;C:\Users\RavitejaRuthala\.m2\repository\io\virtualan\cucumblan-message\1.4.1\cucumblan-message-1.4.1.jar;C:\Users\RavitejaRuthala\.m2\repository\org\apache\kafka\kafka-clients\2.7.0\kafka-clients-2.7.0.jar;C:\Users\RavitejaRuthala\.m2\repository\com\github\luben\zstd-jni\1.4.5-6\zstd-jni-1.4.5-6.jar;C:\Users\RavitejaRuthala\.m2\repository\org\lz4\lz4-java\1.7.1\lz4-java-1.7.1.jar;C:\Users\RavitejaRuthala\.m2\repository\org\xerial\snappy\snappy-java\1.1.7.7\snappy-java-1.1.7.7.jar;C:\Users\RavitejaRuthala\.m2\repository\org\springframework\spring-jms\5.3.9\spring-jms-5.3.9.jar;C:\Users\RavitejaRuthala\.m2\repository\org\springframework\spring-messaging\5.3.9\spring-messaging-5.3.9.jar;C:\Users\RavitejaRuthala\.m2\repository\javax\jms\javax.jms-api\2.0.1\javax.jms-api-2.0.1.jar;C:\Users\RavitejaRuthala\.m2\repository\org\apache\activemq\activemq-core\5.7.0\activemq-core-5.7.0.jar;C:\Users\RavitejaRuthala\.m2\repository\org\apache\geronimo\specs\geronimo-jms_1.1_spec\1.1.1\geronimo-jms_1.1_spec-1.1.1.jar;C:\Users\RavitejaRuthala\.m2\repository\org\apache\activemq\kahadb\5.7.0\kahadb-5.7.0.jar;C:\Users\RavitejaRuthala\.m2\repository\org\apache\activemq\protobuf\activemq-protobuf\1.1\activemq-protobuf-1.1.jar;C:\Users\RavitejaRuthala\.m2\repository\org\fusesource\mqtt-client\mqtt-client\1.3\mqtt-client-1.3.jar;C:\Users\RavitejaRuthala\.m2\repository\org\fusesource\hawtdispatch\hawtdispatch-transport\1.11\hawtdispatch-transport-1.11.jar;C:\Users\RavitejaRuthala\.m2\repository\org\fusesource\hawtdispatch\hawtdispatch\1.11\hawtdispatch-1.11.jar;C:\Users\RavitejaRuthala\.m2\repository\org\fusesource\hawtbuf\hawtbuf\1.9\hawtbuf-1.9.jar;C:\Users\RavitejaRuthala\.m2\repository\org\apache\geronimo\specs\geronimo-j2ee-management_1.1_spec\1.0.1\geronimo-j2ee-management_1.1_spec-1.0.1.jar;C:\Users\RavitejaRuthala\.m2\repository\org\springframework\spring-context\3.0.7.RELEASE\spring-context-3.0.7.RELEASE.jar;C:\Users\RavitejaRuthala\.m2\repository\org\springframework\spring-aop\3.0.7.RELEASE\spring-aop-3.0.7.RELEASE.jar;C:\Users\RavitejaRuthala\.m2\repository\aopalliance\aopalliance\1.0\aopalliance-1.0.jar;C:\Users\RavitejaRuthala\.m2\repository\org\springframework\spring-expression\3.0.7.RELEASE\spring-expression-3.0.7.RELEASE.jar;C:\Users\RavitejaRuthala\.m2\repository\org\springframework\spring-asm\3.0.7.RELEASE\spring-asm-3.0.7.RELEASE.jar;C:\Users\RavitejaRuthala\.m2\repository\commons-net\commons-net\3.1\commons-net-3.1.jar;C:\Users\RavitejaRuthala\.m2\repository\org\jasypt\jasypt\1.9.0\jasypt-1.9.0.jar;C:\Users\RavitejaRuthala\.m2\repository\com\google\protobuf\protobuf-java\3.19.4\protobuf-java-3.19.4.jar;C:\Users\RavitejaRuthala\.m2\repository\com\google\code\gson\gson\2.9.0\gson-2.9.0.jar;C:\Users\RavitejaRuthala\.m2\repository\com\google\protobuf\protobuf-java-util\3.19.4\protobuf-java-util-3.19.4.jar;C:\Users\RavitejaRuthala\.m2\repository\com\fasterxml\jackson\core\jackson-databind\2.13.2.2\jackson-databind-2.13.2.2.jar;C:\Users\RavitejaRuthala\.m2\repository\com\fasterxml\jackson\core\jackson-annotations\2.13.2\jackson-annotations-2.13.2.jar;C:\Users\RavitejaRuthala\.m2\repository\com\fasterxml\jackson\core\jackson-core\2.13.2\jackson-core-2.13.2.jar;C:\Users\RavitejaRuthala\.m2\repository\org\apache\commons\commons-lang3\3.12.0\commons-lang3-3.12.0.jar;C:\Users\RavitejaRuthala\.m2\repository\commons-io\commons-io\2.11.0\commons-io-2.11.0.jar;C:\Users\RavitejaRuthala\.m2\repository\net\masterthought\cucumber-reporting\5.7.0\cucumber-reporting-5.7.0.jar;C:\Users\RavitejaRuthala\.m2\repository\com\fasterxml\jackson\datatype\jackson-datatype-jsr310\2.13.0\jackson-datatype-jsr310-2.13.0.jar;C:\Users\RavitejaRuthala\.m2\repository\org\apache\velocity\velocity-engine-core\2.3\velocity-engine-core-2.3.jar;C:\Users\RavitejaRuthala\.m2\repository\commons-collections\commons-collections\3.2.2\commons-collections-3.2.2.jar;C:\Users\RavitejaRuthala\.m2\repository\joda-time\joda-time\2.10.10\joda-time-2.10.10.jar;C:\Users\RavitejaRuthala\.m2\repository\org\codehaus\plexus\plexus-utils\3.3.0\plexus-utils-3.3.0.jar;C:\Users\RavitejaRuthala\.m2\repository\org\jsoup\jsoup\1.14.2\jsoup-1.14.2.jar;C:\Users\RavitejaRuthala\.m2\repository\com\googlecode\owasp-java-html-sanitizer\owasp-java-html-sanitizer\20211018.2\owasp-java-html-sanitizer-20211018.2.jar;C:\Users\RavitejaRuthala\.m2\repository\commons-configuration\commons-configuration\1.10\commons-configuration-1.10.jar;C:\Users\RavitejaRuthala\.m2\repository\commons-lang\commons-lang\2.6\commons-lang-2.6.jar;C:\Users\RavitejaRuthala\.m2\repository\com\github\spullara\mustache\java\compiler\0.9.10\compiler-0.9.10.jar;C:\Users\RavitejaRuthala\.m2\repository\me\jvt\cucumber\gherkin-formatter\1.4.0\gherkin-formatter-1.4.0.jar;C:\Users\RavitejaRuthala\.m2\repository\io\cucumber\gherkin\22.0.0\gherkin-22.0.0.jar;C:\Users\RavitejaRuthala\.m2\repository\org\apache\commons\commons-text\1.9\commons-text-1.9.jar;C:\Users\RavitejaRuthala\.m2\repository\io\cucumber\messages\17.1.1\messages-17.1.1.jar;C:\Users\RavitejaRuthala\.m2\repository\org\slf4j\slf4j-simple\1.7.36\slf4j-simple-1.7.36.jar;C:\Users\RavitejaRuthala\.m2\repository\org\slf4j\slf4j-api\1.7.36\slf4j-api-1.7.36.jar;C:\Users\RavitejaRuthala\.m2\repository\org\apache\logging\log4j\log4j-core\2.17.2\log4j-core-2.17.2.jar;C:\Users\RavitejaRuthala\.m2\repository\org\apache\logging\log4j\log4j-api\2.17.2\log4j-api-2.17.2.jar;C:\Users\RavitejaRuthala\.m2\repository\io\swagger\swagger-inflector\2.0.7\swagger-inflector-2.0.7.jar;C:\Users\RavitejaRuthala\.m2\repository\io\swagger\core\v3\swagger-jaxrs2\2.1.11\swagger-jaxrs2-2.1.11.jar;C:\Users\RavitejaRuthala\.m2\repository\io\github\classgraph\classgraph\4.8.95\classgraph-4.8.95.jar;C:\Users\RavitejaRuthala\.m2\repository\org\javassist\javassist\3.25.0-GA\javassist-3.25.0-GA.jar;C:\Users\RavitejaRuthala\.m2\repository\io\swagger\core\v3\swagger-annotations\2.1.11\swagger-annotations-2.1.11.jar;C:\Users\RavitejaRuthala\.m2\repository\io\swagger\core\v3\swagger-integration\2.1.11\swagger-integration-2.1.11.jar;C:\Users\RavitejaRuthala\.m2\repository\org\glassfish\jersey\inject\jersey-hk2\2.32\jersey-hk2-2.32.jar;C:\Users\RavitejaRuthala\.m2\repository\org\glassfish\jersey\core\jersey-common\2.32\jersey-common-2.32.jar;C:\Users\RavitejaRuthala\.m2\repository\org\glassfish\hk2\osgi-resource-locator\1.0.3\osgi-resource-locator-1.0.3.jar;C:\Users\RavitejaRuthala\.m2\repository\com\sun\activation\jakarta.activation\1.2.2\jakarta.activation-1.2.2.jar;C:\Users\RavitejaRuthala\.m2\repository\org\glassfish\hk2\hk2-locator\2.6.1\hk2-locator-2.6.1.jar;C:\Users\RavitejaRuthala\.m2\repository\org\glassfish\hk2\external\aopalliance-repackaged\2.6.1\aopalliance-repackaged-2.6.1.jar;C:\Users\RavitejaRuthala\.m2\repository\org\glassfish\hk2\hk2-api\2.6.1\hk2-api-2.6.1.jar;C:\Users\RavitejaRuthala\.m2\repository\org\glassfish\hk2\hk2-utils\2.6.1\hk2-utils-2.6.1.jar;C:\Users\RavitejaRuthala\.m2\repository\org\glassfish\jersey\core\jersey-server\2.32\jersey-server-2.32.jar;C:\Users\RavitejaRuthala\.m2\repository\jakarta\ws\rs\jakarta.ws.rs-api\2.1.6\jakarta.ws.rs-api-2.1.6.jar;C:\Users\RavitejaRuthala\.m2\repository\org\glassfish\jersey\media\jersey-media-jaxb\2.32\jersey-media-jaxb-2.32.jar;C:\Users\RavitejaRuthala\.m2\repository\jakarta\annotation\jakarta.annotation-api\1.3.5\jakarta.annotation-api-1.3.5.jar;C:\Users\RavitejaRuthala\.m2\repository\org\glassfish\hk2\external\jakarta.inject\2.6.1\jakarta.inject-2.6.1.jar;C:\Users\RavitejaRuthala\.m2\repository\jakarta\validation\jakarta.validation-api\2.0.2\jakarta.validation-api-2.0.2.jar;C:\Users\RavitejaRuthala\.m2\repository\jakarta\xml\bind\jakarta.xml.bind-api\2.3.3\jakarta.xml.bind-api-2.3.3.jar;C:\Users\RavitejaRuthala\.m2\repository\jakarta\activation\jakarta.activation-api\1.2.2\jakarta.activation-api-1.2.2.jar;C:\Users\RavitejaRuthala\.m2\repository\org\glassfish\jersey\containers\jersey-container-servlet-core\2.32\jersey-container-servlet-core-2.32.jar;C:\Users\RavitejaRuthala\.m2\repository\org\glassfish\jersey\media\jersey-media-multipart\2.32\jersey-media-multipart-2.32.jar;C:\Users\RavitejaRuthala\.m2\repository\org\jvnet\mimepull\mimepull\1.9.13\mimepull-1.9.13.jar;C:\Users\RavitejaRuthala\.m2\repository\org\glassfish\jersey\core\jersey-client\2.32\jersey-client-2.32.jar;C:\Users\RavitejaRuthala\.m2\repository\org\slf4j\slf4j-ext\1.7.22\slf4j-ext-1.7.22.jar;C:\Users\RavitejaRuthala\.m2\repository\ch\qos\cal10n\cal10n-api\0.8.1\cal10n-api-0.8.1.jar;C:\Users\RavitejaRuthala\.m2\repository\org\apache\commons\commons-csv\1.1\commons-csv-1.1.jar;C:\Users\RavitejaRuthala\.m2\repository\com\fasterxml\jackson\jaxrs\jackson-jaxrs-json-provider\2.12.1\jackson-jaxrs-json-provider-2.12.1.jar;C:\Users\RavitejaRuthala\.m2\repository\com\fasterxml\jackson\jaxrs\jackson-jaxrs-base\2.12.1\jackson-jaxrs-base-2.12.1.jar;C:\Users\RavitejaRuthala\.m2\repository\com\fasterxml\jackson\module\jackson-module-jaxb-annotations\2.12.1\jackson-module-jaxb-annotations-2.12.1.jar;C:\Users\RavitejaRuthala\.m2\repository\com\fasterxml\jackson\jaxrs\jackson-jaxrs-yaml-provider\2.12.1\jackson-jaxrs-yaml-provider-2.12.1.jar;C:\Users\RavitejaRuthala\.m2\repository\com\fasterxml\jackson\datatype\jackson-datatype-joda\2.12.1\jackson-datatype-joda-2.12.1.jar;C:\Users\RavitejaRuthala\.m2\repository\com\fasterxml\jackson\jaxrs\jackson-jaxrs-xml-provider\2.12.1\jackson-jaxrs-xml-provider-2.12.1.jar;C:\Users\RavitejaRuthala\.m2\repository\com\fasterxml\jackson\dataformat\jackson-dataformat-xml\2.12.1\jackson-dataformat-xml-2.12.1.jar;C:\Users\RavitejaRuthala\.m2\repository\org\codehaus\woodstox\stax2-api\4.2\stax2-api-4.2.jar;C:\Users\RavitejaRuthala\.m2\repository\com\fasterxml\woodstox\woodstox-core\6.2.3\woodstox-core-6.2.3.jar;C:\Users\RavitejaRuthala\.m2\repository\com\github\java-json-tools\json-schema-validator\2.2.14\json-schema-validator-2.2.14.jar;C:\Users\RavitejaRuthala\.m2\repository\com\github\java-json-tools\jackson-coreutils-equivalence\1.0\jackson-coreutils-equivalence-1.0.jar;C:\Users\RavitejaRuthala\.m2\repository\com\github\java-json-tools\jackson-coreutils\2.0\jackson-coreutils-2.0.jar;C:\Users\RavitejaRuthala\.m2\repository\com\github\java-json-tools\msg-simple\1.2\msg-simple-1.2.jar;C:\Users\RavitejaRuthala\.m2\repository\com\github\java-json-tools\btf\1.3\btf-1.3.jar;C:\Users\RavitejaRuthala\.m2\repository\com\github\java-json-tools\json-schema-core\1.2.14\json-schema-core-1.2.14.jar;C:\Users\RavitejaRuthala\.m2\repository\com\github\java-json-tools\uri-template\0.10\uri-template-0.10.jar;C:\Users\RavitejaRuthala\.m2\repository\org\mozilla\rhino\1.7.7.2\rhino-1.7.7.2.jar;C:\Users\RavitejaRuthala\.m2\repository\com\sun\mail\mailapi\1.6.2\mailapi-1.6.2.jar;C:\Users\RavitejaRuthala\.m2\repository\com\googlecode\libphonenumber\libphonenumber\8.11.1\libphonenumber-8.11.1.jar;C:\Users\RavitejaRuthala\.m2\repository\net\sf\jopt-simple\jopt-simple\5.0.4\jopt-simple-5.0.4.jar;C:\Users\RavitejaRuthala\.m2\repository\commons-fileupload\commons-fileupload\1.4\commons-fileupload-1.4.jar;C:\Users\RavitejaRuthala\.m2\repository\org\testng\testng\7.4.0\testng-7.4.0.jar;C:\Users\RavitejaRuthala\.m2\repository\com\beust\jcommander\1.78\jcommander-1.78.jar;C:\Users\RavitejaRuthala\.m2\repository\org\webjars\jquery\3.5.1\jquery-3.5.1.jar;"/>
    <property name="sun.cpu.endian" value="little"/>
    <property name="user.home" value="C:\Users\RavitejaRuthala"/>
    <property name="user.language" value="en"/>
    <property name="java.specification.vendor" value="Oracle Corporation"/>
    <property name="java.version.date" value="2022-07-19"/>
    <property name="java.home" value="C:\Users\RavitejaRuthala\.jdks\openjdk-18.0.2"/>
    <property name="file.separator" value="\"/>
    <property name="basedir" value="C:\Users\RavitejaRuthala\IdeaProjects\autoPLATO"/>
    <property name="java.vm.compressedOopsMode" value="Zero based"/>
    <property name="line.separator" value="&#10;"/>
    <property name="java.vm.specification.vendor" value="Oracle Corporation"/>
    <property name="java.specification.name" value="Java Platform API Specification"/>
    <property name="surefire.real.class.path" value="C:\Users\RavitejaRuthala\AppData\Local\Temp\surefire8938127915591699253\surefirebooter13444698494309258751.jar"/>
    <property name="user.script" value=""/>
    <property name="sun.management.compiler" value="HotSpot 64-Bit Tiered Compilers"/>
    <property name="java.runtime.version" value="18.0.2+9-61"/>
    <property name="user.name" value="RavitejaRuthala"/>
    <property name="path.separator" value=";"/>
    <property name="os.version" value="10.0"/>
    <property name="java.runtime.name" value="OpenJDK Runtime Environment"/>
    <property name="file.encoding" value="UTF-8"/>
    <property name="java.vm.name" value="OpenJDK 64-Bit Server VM"/>
    <property name="localRepository" value="C:\Users\RavitejaRuthala\.m2\repository"/>
    <property name="java.vendor.url.bug" value="https://bugreport.java.com/bugreport/"/>
    <property name="java.io.tmpdir" value="C:\Users\RAVITE~1\AppData\Local\Temp\"/>
    <property name="idea.version" value="2022.2"/>
    <property name="java.version" value="18.0.2"/>
    <property name="user.dir" value="C:\Users\RavitejaRuthala\IdeaProjects\autoPLATO"/>
    <property name="os.arch" value="amd64"/>
    <property name="java.vm.specification.name" value="Java Virtual Machine Specification"/>
    <property name="sun.os.patch.level" value=""/>
    <property name="native.encoding" value="Cp1252"/>
    <property name="java.library.path" value="C:\Users\RavitejaRuthala\.jdks\openjdk-18.0.2\bin;C:\WINDOWS\Sun\Java\bin;C:\WINDOWS\system32;C:\WINDOWS;C:\WINDOWS\system32;C:\WINDOWS;C:\WINDOWS\System32\Wbem;C:\WINDOWS\System32\WindowsPowerShell\v1.0\;C:\WINDOWS\System32\OpenSSH\;C:\Program Files\Git\cmd;C:\Program Files\nodejs\;C:\Users\RavitejaRuthala\AppData\Local\Microsoft\WindowsApps;C:\Program Files\JetBrains\IntelliJ IDEA Community Edition 2022.2\bin;;C:\Users\RavitejaRuthala\AppData\Local\Programs\Microsoft VS Code\bin;C:\Users\RavitejaRuthala\AppData\Roaming\npm;C:\Program Files\PostgreSQL\15\bin;;."/>
    <property name="java.vm.info" value="mixed mode, sharing"/>
    <property name="java.vendor" value="Oracle Corporation"/>
    <property name="java.vm.version" value="18.0.2+9-61"/>
    <property name="sun.io.unicode.encoding" value="UnicodeLittle"/>
    <property name="java.class.version" value="62.0"/>
  </properties>
  <testcase name="workflowExecution_xl" classname="io.test.demo.RestTestPlanExecutor" time="4.12"/>
</testsuite>