<?xml version="1.0" encoding="UTF-8"?>
<!-- Generated by org.testng.reporters.JUnitReportReporter -->
<testsuite hostname="PQA-0686LT" failures="0" tests="1" name="io.test.demo.RestTestPlanExecutor" time="4.119" errors="0" timestamp="2022-11-24T10:47:20 EST" skipped="0">
  <testcase classname="io.test.demo.RestTestPlanExecutor" name="workflowExecution_xl" time="4.119"/>
  <system-out/>
</testsuite> <!-- io.test.demo.RestTestPlanExecutor -->
